<?xml version="1.0" encoding="UTF-8"?>
<testng-results ignored="0" total="1" passed="1" failed="0" skipped="0">
  <reporter-output>
  </reporter-output>
  <suite started-at="2023-10-19T11:12:17 IST" name="Default suite" finished-at="2023-10-19T11:14:37 IST" duration-ms="140172">
    <groups>
    </groups>
    <test started-at="2023-10-19T11:12:17 IST" name="Default test" finished-at="2023-10-19T11:14:37 IST" duration-ms="140172">
      <class name="com.Amazon.TC_Buynow_003">
        <test-method is-config="true" signature="setup()[pri:0, instance:com.Amazon.TC_Buynow_003@2d901eb0]" started-at="2023-10-19T11:12:17 IST" name="setup" finished-at="2023-10-19T11:12:18 IST" duration-ms="1801" status="PASS">
          <reporter-output>
          </reporter-output>
        </test-method> <!-- setup -->
        <test-method signature="buynow()[pri:0, instance:com.Amazon.TC_Buynow_003@2d901eb0]" started-at="2023-10-19T11:12:18 IST" name="buynow" finished-at="2023-10-19T11:14:37 IST" duration-ms="138137" status="PASS">
          <reporter-output>
          </reporter-output>
        </test-method> <!-- buynow -->
        <test-method is-config="true" signature="teardown()[pri:0, instance:com.Amazon.TC_Buynow_003@2d901eb0]" started-at="2023-10-19T11:14:37 IST" name="teardown" finished-at="2023-10-19T11:14:37 IST" duration-ms="197" status="PASS">
          <reporter-output>
          </reporter-output>
        </test-method> <!-- teardown -->
      </class> <!-- com.Amazon.TC_Buynow_003 -->
    </test> <!-- Default test -->
  </suite> <!-- Default suite -->
</testng-results>
